Traceback (most recent call last):
  File "/Users/devilphoenix/Vikranth/SNUC_Hacks/SmartBusinessAnalyser/scraper/westside_scraper.py", line 1, in <module>
    from playwright.sync_api import sync_playwright
ModuleNotFoundError: No module named 'playwright'
Traceback (most recent call last):
  File "/Users/devilphoenix/Vikranth/SNUC_Hacks/SmartBusinessAnalyser/scraper/westside_detail_scraper.py", line 1, in <module>
    from playwright.sync_api import sync_playwright
ModuleNotFoundError: No module named 'playwright'
Traceback (most recent call last):
  File "/Users/devilphoenix/Vikranth/SNUC_Hacks/SmartBusinessAnalyser/scraper/review_scraper.py", line 1, in <module>
    from playwright.sync_api import sync_playwright
ModuleNotFoundError: No module named 'playwright'

📢 FINAL AD SIGNALS:

cotton: 5
floral: 4
graphic: 3
striped: 2
plain: 2

🔥 TREND DISTRIBUTION:

high-rise: 6
floral: 4
mid-rise: 1
black: 9
faux: 2
leather: 2
white: 2
printed: 3
print: 3
velvet: 3
multicolour: 1
brown: 2
knit: 1
textured: 2
ribbed: 2
denim: 1
blue: 1

📊 TREND SATURATION:

high-rise: high
floral: medium
mid-rise: low
black: high
faux: low
leather: low
white: low
printed: medium
print: medium
velvet: medium
multicolour: low
brown: low
knit: low
textured: low
ribbed: low
denim: low
blue: low

🚨 OPPORTUNITIES:

Low competition trends: mid-rise, faux, leather, white, multicolour, brown, knit, textured, ribbed, denim, blue
Highly saturated trends: high-rise, black

🧠 FINAL INSIGHT:

Opportunity detected in mid-rise category with low competition.
Traceback (most recent call last):
  File "/Users/devilphoenix/Vikranth/SNUC_Hacks/SmartBusinessAnalyser/backend/review_engine.py", line 2, in <module>
    from sentence_transformers import SentenceTransformer
ModuleNotFoundError: No module named 'sentence_transformers'

📢 AD SIGNALS:

cotton: 5
floral: 4
graphic: 3
striped: 2
plain: 2
Traceback (most recent call last):
  File "/Users/devilphoenix/Vikranth/SNUC_Hacks/SmartBusinessAnalyser/backend/intelligence_engine.py", line 2, in <module>
    from review_engine import review_engine
  File "/Users/devilphoenix/Vikranth/SNUC_Hacks/SmartBusinessAnalyser/backend/review_engine.py", line 2, in <module>
    from sentence_transformers import SentenceTransformer
ModuleNotFoundError: No module named 'sentence_transformers'
🚀 Starting Full Pipeline...


✅ Pipeline Completed
Opening Westside...
Scroll 1: Found 25 products
Scroll 2: Found 25 products

✅ Scraped 24 products

Processing 1/24
Price: ₹ 999

Processing 2/24
Price: ₹ 999

Processing 3/24
Price: ₹ 699

Processing 4/24
Price: ₹ 499

Processing 5/24
Price: ₹ 999

Processing 6/24
Price: ₹ 999

Processing 7/24
Price: ₹ 699

Processing 8/24
Price: ₹ 999

Processing 9/24
Price: ₹ 999

Processing 10/24
Price: ₹ 1499

Processing 11/24
Price: ₹ 599

Processing 12/24
Price: ₹ 399

Processing 13/24
Price: ₹ 1699

Processing 14/24
Price: ₹ 1299

Processing 15/24
Price: ₹ 1299

Processing 16/24
Price: ₹ 999

Processing 17/24
Price: ₹ 999

Processing 18/24
Price: ₹ 599

Processing 19/24
Price: ₹ 799

Processing 20/24
Price: ₹ 999

Processing 21/24
Price: ₹ 1499

Processing 22/24
Price: ₹ 499

Processing 23/24
Price: ₹ 799

Processing 24/24
Price: ₹ 799

✅ Detailed data saved (24 products)
